0 verbose cli /opt/homebrew/Cellar/node/24.3.0/bin/node /opt/homebrew/bin/npm
1 info using npm@11.4.2
2 info using node@v24.3.0
3 silly config load:file:/opt/homebrew/lib/node_modules/npm/npmrc
4 silly config load:file:/Users/doanchienthang/Code/MM-1/web/.npmrc
5 silly config load:file:/Users/doanchienthang/.npmrc
6 silly config load:file:/opt/homebrew/etc/npmrc
7 verbose title npm install @radix-ui/react-slot
8 verbose argv "install" "@radix-ui/react-slot"
9 verbose logfile logs-max:10 dir:/Users/doanchienthang/Code/MM-1/.npm-cache/_logs/2025-12-01T10_30_49_929Z-
10 verbose logfile /Users/doanchienthang/Code/MM-1/.npm-cache/_logs/2025-12-01T10_30_49_929Z-debug-0.log
11 silly logfile start cleaning logs, removing 1 files
12 silly packumentCache heap:4496293888 maxSize:1124073472 maxEntrySize:562036736
13 silly logfile done cleaning log files
14 silly idealTree buildDeps
15 silly fetch manifest @radix-ui/react-slot@*
16 silly packumentCache full:https://registry.npmjs.org/@radix-ui%2freact-slot cache-miss
17 verbose shrinkwrap failed to load node_modules/.package-lock.json out of date, updated: node_modules/next
18 http fetch GET 200 https://registry.npmjs.org/@radix-ui%2freact-slot 1018ms (cache miss)
19 silly packumentCache full:https://registry.npmjs.org/@radix-ui%2freact-slot set size:undefined disposed:false
20 silly fetch manifest @types/react@^19
21 silly packumentCache full:https://registry.npmjs.org/@types%2freact cache-miss
22 http fetch GET 200 https://registry.npmjs.org/@types%2freact 84ms (cache revalidated)
23 silly packumentCache full:https://registry.npmjs.org/@types%2freact set size:2541992 disposed:false
24 silly fetch manifest react@19.2.0
25 silly packumentCache full:https://registry.npmjs.org/react cache-miss
26 http fetch GET 200 https://registry.npmjs.org/react 94ms (cache revalidated)
27 silly packumentCache full:https://registry.npmjs.org/react set size:6287832 disposed:false
28 silly placeDep ROOT @radix-ui/react-slot@1.2.4 OK for: web@0.1.0 want: *
29 silly fetch manifest @radix-ui/react-compose-refs@1.1.2
30 silly packumentCache full:https://registry.npmjs.org/@radix-ui%2freact-compose-refs cache-miss
31 http fetch GET 200 https://registry.npmjs.org/@radix-ui%2freact-compose-refs 177ms (cache miss)
32 silly packumentCache full:https://registry.npmjs.org/@radix-ui%2freact-compose-refs set size:undefined disposed:false
33 silly fetch manifest @types/react@*
34 silly packumentCache full:https://registry.npmjs.org/@types%2freact cache-miss
35 http cache https://registry.npmjs.org/@types%2freact 8ms (cache hit)
36 silly packumentCache full:https://registry.npmjs.org/@types%2freact set size:2541992 disposed:false
37 silly fetch manifest react@^16.8 || ^17.0 || ^18.0 || ^19.0 || ^19.0.0-rc
38 silly packumentCache full:https://registry.npmjs.org/react cache-miss
39 http cache https://registry.npmjs.org/react 11ms (cache hit)
40 silly packumentCache full:https://registry.npmjs.org/react set size:6287832 disposed:false
41 silly placeDep ROOT @radix-ui/react-compose-refs@1.1.2 OK for: @radix-ui/react-slot@1.2.4 want: 1.1.2
42 silly reify moves {}
43 silly audit bulk request {
43 silly audit   '@alloc/quick-lru': [ '5.2.0' ],
43 silly audit   '@babel/code-frame': [ '7.27.1' ],
43 silly audit   '@babel/compat-data': [ '7.28.5' ],
43 silly audit   '@babel/core': [ '7.28.5' ],
43 silly audit   '@babel/generator': [ '7.28.5' ],
43 silly audit   '@babel/helper-compilation-targets': [ '7.27.2' ],
43 silly audit   '@babel/helper-globals': [ '7.28.0' ],
43 silly audit   '@babel/helper-module-imports': [ '7.27.1' ],
43 silly audit   '@babel/helper-module-transforms': [ '7.28.3' ],
43 silly audit   '@babel/helper-string-parser': [ '7.27.1' ],
43 silly audit   '@babel/helper-validator-identifier': [ '7.28.5' ],
43 silly audit   '@babel/helper-validator-option': [ '7.27.1' ],
43 silly audit   '@babel/helpers': [ '7.28.4' ],
43 silly audit   '@babel/parser': [ '7.28.5' ],
43 silly audit   '@babel/template': [ '7.27.2' ],
43 silly audit   '@babel/traverse': [ '7.28.5' ],
43 silly audit   '@babel/types': [ '7.28.5' ],
43 silly audit   '@emnapi/core': [ '1.7.1' ],
43 silly audit   '@emnapi/runtime': [ '1.7.1' ],
43 silly audit   '@emnapi/wasi-threads': [ '1.1.0' ],
43 silly audit   '@eslint-community/eslint-utils': [ '4.9.0' ],
43 silly audit   'eslint-visitor-keys': [ '3.4.3', '4.2.1' ],
43 silly audit   '@eslint-community/regexpp': [ '4.12.2' ],
43 silly audit   '@eslint/config-array': [ '0.21.1' ],
43 silly audit   '@eslint/config-helpers': [ '0.4.2' ],
43 silly audit   '@eslint/core': [ '0.17.0' ],
43 silly audit   '@eslint/eslintrc': [ '3.3.3' ],
43 silly audit   '@eslint/js': [ '9.39.1' ],
43 silly audit   '@eslint/object-schema': [ '2.1.7' ],
43 silly audit   '@eslint/plugin-kit': [ '0.4.1' ],
43 silly audit   '@humanfs/core': [ '0.19.1' ],
43 silly audit   '@humanfs/node': [ '0.16.7' ],
43 silly audit   '@humanwhocodes/module-importer': [ '1.0.1' ],
43 silly audit   '@humanwhocodes/retry': [ '0.4.3' ],
43 silly audit   '@img/colour': [ '1.0.0' ],
43 silly audit   '@img/sharp-darwin-arm64': [ '0.34.5' ],
43 silly audit   '@img/sharp-darwin-x64': [ '0.34.5' ],
43 silly audit   '@img/sharp-libvips-darwin-arm64': [ '1.2.4' ],
43 silly audit   '@img/sharp-libvips-darwin-x64': [ '1.2.4' ],
43 silly audit   '@img/sharp-libvips-linux-arm': [ '1.2.4' ],
43 silly audit   '@img/sharp-libvips-linux-arm64': [ '1.2.4' ],
43 silly audit   '@img/sharp-libvips-linux-ppc64': [ '1.2.4' ],
43 silly audit   '@img/sharp-libvips-linux-riscv64': [ '1.2.4' ],
43 silly audit   '@img/sharp-libvips-linux-s390x': [ '1.2.4' ],
43 silly audit   '@img/sharp-libvips-linux-x64': [ '1.2.4' ],
43 silly audit   '@img/sharp-libvips-linuxmusl-arm64': [ '1.2.4' ],
43 silly audit   '@img/sharp-libvips-linuxmusl-x64': [ '1.2.4' ],
43 silly audit   '@img/sharp-linux-arm': [ '0.34.5' ],
43 silly audit   '@img/sharp-linux-arm64': [ '0.34.5' ],
43 silly audit   '@img/sharp-linux-ppc64': [ '0.34.5' ],
43 silly audit   '@img/sharp-linux-riscv64': [ '0.34.5' ],
43 silly audit   '@img/sharp-linux-s390x': [ '0.34.5' ],
43 silly audit   '@img/sharp-linux-x64': [ '0.34.5' ],
43 silly audit   '@img/sharp-linuxmusl-arm64': [ '0.34.5' ],
43 silly audit   '@img/sharp-linuxmusl-x64': [ '0.34.5' ],
43 silly audit   '@img/sharp-wasm32': [ '0.34.5' ],
43 silly audit   '@img/sharp-win32-arm64': [ '0.34.5' ],
43 silly audit   '@img/sharp-win32-ia32': [ '0.34.5' ],
43 silly audit   '@img/sharp-win32-x64': [ '0.34.5' ],
43 silly audit   '@jridgewell/gen-mapping': [ '0.3.13' ],
43 silly audit   '@jridgewell/remapping': [ '2.3.5' ],
43 silly audit   '@jridgewell/resolve-uri': [ '3.1.2' ],
43 silly audit   '@jridgewell/sourcemap-codec': [ '1.5.5' ],
43 silly audit   '@jridgewell/trace-mapping': [ '0.3.31' ],
43 silly audit   '@napi-rs/wasm-runtime': [ '0.2.12' ],
43 silly audit   '@next/env': [ '16.0.6' ],
43 silly audit   '@next/eslint-plugin-next': [ '16.0.6' ],
43 silly audit   '@next/swc-darwin-arm64': [ '16.0.6' ],
43 silly audit   '@next/swc-darwin-x64': [ '16.0.6' ],
43 silly audit   '@next/swc-linux-arm64-gnu': [ '16.0.6' ],
43 silly audit   '@next/swc-linux-arm64-musl': [ '16.0.6' ],
43 silly audit   '@next/swc-linux-x64-gnu': [ '16.0.6' ],
43 silly audit   '@next/swc-linux-x64-musl': [ '16.0.6' ],
43 silly audit   '@next/swc-win32-arm64-msvc': [ '16.0.6' ],
43 silly audit   '@next/swc-win32-x64-msvc': [ '16.0.6' ],
43 silly audit   '@nodelib/fs.scandir': [ '2.1.5' ],
43 silly audit   '@nodelib/fs.stat': [ '2.0.5' ],
43 silly audit   '@nodelib/fs.walk': [ '1.2.8' ],
43 silly audit   '@nolyfill/is-core-module': [ '1.0.39' ],
43 silly audit   '@rtsao/scc': [ '1.1.0' ],
43 silly audit   '@supabase/auth-js': [ '2.86.0' ],
43 silly audit   '@supabase/functions-js': [ '2.86.0' ],
43 silly audit   '@supabase/postgrest-js': [ '2.86.0' ],
43 silly audit   '@supabase/realtime-js': [ '2.86.0' ],
43 silly audit   '@supabase/storage-js': [ '2.86.0' ],
43 silly audit   '@supabase/supabase-js': [ '2.86.0' ],
43 silly audit   '@swc/helpers': [ '0.5.15' ],
43 silly audit   '@tailwindcss/typography': [ '0.5.19' ],
43 silly audit   'postcss-selector-parser': [ '6.0.10', '6.1.2' ],
43 silly audit   '@tybys/wasm-util': [ '0.10.1' ],
43 silly audit   '@types/debug': [ '4.1.12' ],
43 silly audit   '@types/estree': [ '1.0.8' ],
43 silly audit   '@types/estree-jsx': [ '1.0.5' ],
43 silly audit   '@types/hast': [ '3.0.4' ],
43 silly audit   '@types/json-schema': [ '7.0.15' ],
43 silly audit   '@types/json5': [ '0.0.29' ],
43 silly audit   '@types/mdast': [ '4.0.4' ],
43 silly audit   '@types/ms': [ '2.1.0' ],
43 silly audit   '@types/node': [ '20.19.25' ],
43 silly audit   '@types/phoenix': [ '1.6.6' ],
43 silly audit   '@types/react': [ '19.2.7' ],
43 silly audit   '@types/react-dom': [ '19.2.3' ],
43 silly audit   '@types/unist': [ '3.0.3', '2.0.11' ],
43 silly audit   '@types/ws': [ '8.18.1' ],
43 silly audit   '@typescript-eslint/eslint-plugin': [ '8.48.0' ],
43 silly audit   ignore: [ '7.0.5', '5.3.2' ],
43 silly audit   '@typescript-eslint/parser': [ '8.48.0' ],
43 silly audit   '@typescript-eslint/project-service': [ '8.48.0' ],
43 silly audit   '@typescript-eslint/scope-manager': [ '8.48.0' ],
43 silly audit   '@typescript-eslint/tsconfig-utils': [ '8.48.0' ],
43 silly audit   '@typescript-eslint/type-utils': [ '8.48.0' ],
43 silly audit   '@typescript-eslint/types': [ '8.48.0' ],
43 silly audit   '@typescript-eslint/typescript-estree': [ '8.48.0' ],
43 silly audit   'brace-expansion': [ '2.0.2', '1.1.12' ],
43 silly audit   minimatch: [ '9.0.5', '3.1.2' ],
43 silly audit   semver: [ '7.7.3', '6.3.1' ],
43 silly audit   '@typescript-eslint/utils': [ '8.48.0' ],
43 silly audit   '@typescript-eslint/visitor-keys': [ '8.48.0' ],
43 silly audit   '@ungap/structured-clone': [ '1.3.0' ],
43 silly audit   '@unrs/resolver-binding-android-arm-eabi': [ '1.11.1' ],
43 silly audit   '@unrs/resolver-binding-android-arm64': [ '1.11.1' ],
43 silly audit   '@unrs/resolver-binding-darwin-arm64': [ '1.11.1' ],
43 silly audit   '@unrs/resolver-binding-darwin-x64': [ '1.11.1' ],
43 silly audit   '@unrs/resolver-binding-freebsd-x64': [ '1.11.1' ],
43 silly audit   '@unrs/resolver-binding-linux-arm-gnueabihf': [ '1.11.1' ],
43 silly audit   '@unrs/resolver-binding-linux-arm-musleabihf': [ '1.11.1' ],
43 silly audit   '@unrs/resolver-binding-linux-arm64-gnu': [ '1.11.1' ],
43 silly audit   '@unrs/resolver-binding-linux-arm64-musl': [ '1.11.1' ],
43 silly audit   '@unrs/resolver-binding-linux-ppc64-gnu': [ '1.11.1' ],
43 silly audit   '@unrs/resolver-binding-linux-riscv64-gnu': [ '1.11.1' ],
43 silly audit   '@unrs/resolver-binding-linux-riscv64-musl': [ '1.11.1' ],
43 silly audit   '@unrs/resolver-binding-linux-s390x-gnu': [ '1.11.1' ],
43 silly audit   '@unrs/resolver-binding-linux-x64-gnu': [ '1.11.1' ],
43 silly audit   '@unrs/resolver-binding-linux-x64-musl': [ '1.11.1' ],
43 silly audit   '@unrs/resolver-binding-wasm32-wasi': [ '1.11.1' ],
43 silly audit   '@unrs/resolver-binding-win32-arm64-msvc': [ '1.11.1' ],
43 silly audit   '@unrs/resolver-binding-win32-ia32-msvc': [ '1.11.1' ],
43 silly audit   '@unrs/resolver-binding-win32-x64-msvc': [ '1.11.1' ],
43 silly audit   acorn: [ '8.15.0' ],
43 silly audit   'acorn-jsx': [ '5.3.2' ],
43 silly audit   ajv: [ '6.12.6' ],
43 silly audit   'ansi-styles': [ '4.3.0' ],
43 silly audit   'any-promise': [ '1.3.0' ],
43 silly audit   anymatch: [ '3.1.3' ],
43 silly audit   arg: [ '5.0.2' ],
43 silly audit   argparse: [ '2.0.1' ],
43 silly audit   'aria-query': [ '5.3.2' ],
43 silly audit   'array-buffer-byte-length': [ '1.0.2' ],
43 silly audit   'array-includes': [ '3.1.9' ],
43 silly audit   'array.prototype.findlast': [ '1.2.5' ],
43 silly audit   'array.prototype.findlastindex': [ '1.2.6' ],
43 silly audit   'array.prototype.flat': [ '1.3.3' ],
43 silly audit   'array.prototype.flatmap': [ '1.3.3' ],
43 silly audit   'array.prototype.tosorted': [ '1.1.4' ],
43 silly audit   'arraybuffer.prototype.slice': [ '1.0.4' ],
43 silly audit   'ast-types-flow': [ '0.0.8' ],
43 silly audit   'async-function': [ '1.0.0' ],
43 silly audit   autoprefixer: [ '10.4.22' ],
43 silly audit   'available-typed-arrays': [ '1.0.7' ],
43 silly audit   'axe-core': [ '4.11.0' ],
43 silly audit   'axobject-query': [ '4.1.0' ],
43 silly audit   bail: [ '2.0.2' ],
43 silly audit   'balanced-match': [ '1.0.2' ],
43 silly audit   'baseline-browser-mapping': [ '2.8.32' ],
43 silly audit   'binary-extensions': [ '2.3.0' ],
43 silly audit   braces: [ '3.0.3' ],
43 silly audit   browserslist: [ '4.28.0' ],
43 silly audit   'call-bind': [ '1.0.8' ],
43 silly audit   'call-bind-apply-helpers': [ '1.0.2' ],
43 silly audit   'call-bound': [ '1.0.4' ],
43 silly audit   callsites: [ '3.1.0' ],
43 silly audit   'camelcase-css': [ '2.0.1' ],
43 silly audit   'caniuse-lite': [ '1.0.30001757' ],
43 silly audit   ccount: [ '2.0.1' ],
43 silly audit   chalk: [ '4.1.2' ],
43 silly audit   'character-entities': [ '2.0.2' ],
43 silly audit   'character-entities-html4': [ '2.1.0' ],
43 silly audit   'character-entities-legacy': [ '3.0.0' ],
43 silly audit   'character-reference-invalid': [ '2.0.1' ],
43 silly audit   chokidar: [ '3.6.0' ],
43 silly audit   'glob-parent': [ '5.1.2', '6.0.2' ],
43 silly audit   'class-variance-authority': [ '0.7.1' ],
43 silly audit   'client-only': [ '0.0.1' ],
43 silly audit   clsx: [ '2.1.1' ],
43 silly audit   'color-convert': [ '2.0.1' ],
43 silly audit   'color-name': [ '1.1.4' ],
43 silly audit   'comma-separated-tokens': [ '2.0.3' ],
43 silly audit   commander: [ '4.1.1' ],
43 silly audit   'concat-map': [ '0.0.1' ],
43 silly audit   'convert-source-map': [ '2.0.0' ],
43 silly audit   'cross-spawn': [ '7.0.6' ],
43 silly audit   cssesc: [ '3.0.0' ],
43 silly audit   csstype: [ '3.2.3' ],
43 silly audit   'damerau-levenshtein': [ '1.0.8' ],
43 silly audit   'data-view-buffer': [ '1.0.2' ],
43 silly audit   'data-view-byte-length': [ '1.0.2' ],
43 silly audit   'data-view-byte-offset': [ '1.0.1' ],
43 silly audit   debug: [ '4.4.3', '3.2.7' ],
43 silly audit   'decode-named-character-reference': [ '1.2.0' ],
43 silly audit   'deep-is': [ '0.1.4' ],
43 silly audit   'define-data-property': [ '1.1.4' ],
43 silly audit   'define-properties': [ '1.2.1' ],
43 silly audit   dequal: [ '2.0.3' ],
43 silly audit   'detect-libc': [ '2.1.2' ],
43 silly audit   devlop: [ '1.1.0' ],
43 silly audit   didyoumean: [ '1.2.2' ],
43 silly audit   dlv: [ '1.1.3' ],
43 silly audit   doctrine: [ '2.1.0' ],
43 silly audit   'dunder-proto': [ '1.0.1' ],
43 silly audit   'electron-to-chromium': [ '1.5.262' ],
43 silly audit   'emoji-regex': [ '9.2.2' ],
43 silly audit   'es-abstract': [ '1.24.0' ],
43 silly audit   'es-define-property': [ '1.0.1' ],
43 silly audit   'es-errors': [ '1.3.0' ],
43 silly audit   'es-iterator-helpers': [ '1.2.1' ],
43 silly audit   'es-object-atoms': [ '1.1.1' ],
43 silly audit   'es-set-tostringtag': [ '2.1.0' ],
43 silly audit   'es-shim-unscopables': [ '1.1.0' ],
43 silly audit   'es-to-primitive': [ '1.3.0' ],
43 silly audit   escalade: [ '3.2.0' ],
43 silly audit   'escape-string-regexp': [ '4.0.0', '5.0.0' ],
43 silly audit   eslint: [ '9.39.1' ],
43 silly audit   'eslint-config-next': [ '16.0.6' ],
43 silly audit   globals: [ '16.4.0', '14.0.0' ],
43 silly audit   'eslint-import-resolver-node': [ '0.3.9' ],
43 silly audit   'eslint-import-resolver-typescript': [ '3.10.1' ],
43 silly audit   'eslint-module-utils': [ '2.12.1' ],
43 silly audit   'eslint-plugin-import': [ '2.32.0' ],
43 silly audit   'eslint-plugin-jsx-a11y': [ '6.10.2' ],
43 silly audit   'eslint-plugin-react': [ '7.37.5' ],
43 silly audit   'eslint-plugin-react-hooks': [ '7.0.1' ],
43 silly audit   resolve: [ '2.0.0-next.5', '1.22.11' ],
43 silly audit   'eslint-scope': [ '8.4.0' ],
43 silly audit   espree: [ '10.4.0' ],
43 silly audit   esquery: [ '1.6.0' ],
43 silly audit   esrecurse: [ '4.3.0' ],
43 silly audit   estraverse: [ '5.3.0' ],
43 silly audit   'estree-util-is-identifier-name': [ '3.0.0' ],
43 silly audit   esutils: [ '2.0.3' ],
43 silly audit   extend: [ '3.0.2' ],
43 silly audit   'fast-deep-equal': [ '3.1.3' ],
43 silly audit   'fast-glob': [ '3.3.1' ],
43 silly audit   'fast-json-stable-stringify': [ '2.1.0' ],
43 silly audit   'fast-levenshtein': [ '2.0.6' ],
43 silly audit   fastq: [ '1.19.1' ],
43 silly audit   'file-entry-cache': [ '8.0.0' ],
43 silly audit   'fill-range': [ '7.1.1' ],
43 silly audit   'find-up': [ '5.0.0' ],
43 silly audit   'flat-cache': [ '4.0.1' ],
43 silly audit   flatted: [ '3.3.3' ],
43 silly audit   'for-each': [ '0.3.5' ],
43 silly audit   'fraction.js': [ '5.3.4' ],
43 silly audit   fsevents: [ '2.3.3' ],
43 silly audit   'function-bind': [ '1.1.2' ],
43 silly audit   'function.prototype.name': [ '1.1.8' ],
43 silly audit   'functions-have-names': [ '1.2.3' ],
43 silly audit   'generator-function': [ '2.0.1' ],
43 silly audit   gensync: [ '1.0.0-beta.2' ],
43 silly audit   'get-intrinsic': [ '1.3.0' ],
43 silly audit   'get-proto': [ '1.0.1' ],
43 silly audit   'get-symbol-description': [ '1.1.0' ],
43 silly audit   'get-tsconfig': [ '4.13.0' ],
43 silly audit   'github-slugger': [ '2.0.0' ],
43 silly audit   globalthis: [ '1.0.4' ],
43 silly audit   gopd: [ '1.2.0' ],
43 silly audit   graphemer: [ '1.4.0' ],
43 silly audit   'has-bigints': [ '1.1.0' ],
43 silly audit   'has-flag': [ '4.0.0' ],
43 silly audit   'has-property-descriptors': [ '1.0.2' ],
43 silly audit   'has-proto': [ '1.2.0' ],
43 silly audit   'has-symbols': [ '1.1.0' ],
43 silly audit   'has-tostringtag': [ '1.0.2' ],
43 silly audit   hasown: [ '2.0.2' ],
43 silly audit   'hast-util-heading-rank': [ '3.0.0' ],
43 silly audit   'hast-util-to-jsx-runtime': [ '2.3.6' ],
43 silly audit   'hast-util-to-string': [ '3.0.1' ],
43 silly audit   'hast-util-whitespace': [ '3.0.0' ],
43 silly audit   'hermes-estree': [ '0.25.1' ],
43 silly audit   'hermes-parser': [ '0.25.1' ],
43 silly audit   'html-url-attributes': [ '3.0.1' ],
43 silly audit   'iceberg-js': [ '0.8.0' ],
43 silly audit   'import-fresh': [ '3.3.1' ],
43 silly audit   imurmurhash: [ '0.1.4' ],
43 silly audit   'inline-style-parser': [ '0.2.7' ],
43 silly audit   'internal-slot': [ '1.1.0' ],
43 silly audit   'is-alphabetical': [ '2.0.1' ],
43 silly audit   'is-alphanumerical': [ '2.0.1' ],
43 silly audit   'is-array-buffer': [ '3.0.5' ],
43 silly audit   'is-async-function': [ '2.1.1' ],
43 silly audit   'is-bigint': [ '1.1.0' ],
43 silly audit   'is-binary-path': [ '2.1.0' ],
43 silly audit   'is-boolean-object': [ '1.2.2' ],
43 silly audit   'is-bun-module': [ '2.0.0' ],
43 silly audit   'is-callable': [ '1.2.7' ],
43 silly audit   'is-core-module': [ '2.16.1' ],
43 silly audit   'is-data-view': [ '1.0.2' ],
43 silly audit   'is-date-object': [ '1.1.0' ],
43 silly audit   'is-decimal': [ '2.0.1' ],
43 silly audit   'is-extglob': [ '2.1.1' ],
43 silly audit   'is-finalizationregistry': [ '1.1.1' ],
43 silly audit   'is-generator-function': [ '1.1.2' ],
43 silly audit   'is-glob': [ '4.0.3' ],
43 silly audit   'is-hexadecimal': [ '2.0.1' ],
43 silly audit   'is-map': [ '2.0.3' ],
43 silly audit   'is-negative-zero': [ '2.0.3' ],
43 silly audit   'is-number': [ '7.0.0' ],
43 silly audit   'is-number-object': [ '1.1.1' ],
43 silly audit   'is-plain-obj': [ '4.1.0' ],
43 silly audit   'is-regex': [ '1.2.1' ],
43 silly audit   'is-set': [ '2.0.3' ],
43 silly audit   'is-shared-array-buffer': [ '1.0.4' ],
43 silly audit   'is-string': [ '1.1.1' ],
43 silly audit   'is-symbol': [ '1.1.1' ],
43 silly audit   'is-typed-array': [ '1.1.15' ],
43 silly audit   'is-weakmap': [ '2.0.2' ],
43 silly audit   'is-weakref': [ '1.1.1' ],
43 silly audit   'is-weakset': [ '2.0.4' ],
43 silly audit   isarray: [ '2.0.5' ],
43 silly audit   isexe: [ '2.0.0' ],
43 silly audit   'iterator.prototype': [ '1.1.5' ],
43 silly audit   jiti: [ '1.21.7' ],
43 silly audit   'js-tokens': [ '4.0.0' ],
43 silly audit   'js-yaml': [ '4.1.1' ],
43 silly audit   jsesc: [ '3.1.0' ],
43 silly audit   'json-buffer': [ '3.0.1' ],
43 silly audit   'json-schema-traverse': [ '0.4.1' ],
43 silly audit   'json-stable-stringify-without-jsonify': [ '1.0.1' ],
43 silly audit   json5: [ '2.2.3', '1.0.2' ],
43 silly audit   'jsx-ast-utils': [ '3.3.5' ],
43 silly audit   keyv: [ '4.5.4' ],
43 silly audit   'language-subtag-registry': [ '0.3.23' ],
43 silly audit   'language-tags': [ '1.0.9' ],
43 silly audit   levn: [ '0.4.1' ],
43 silly audit   lilconfig: [ '2.1.0', '3.1.3' ],
43 silly audit   'lines-and-columns': [ '1.2.4' ],
43 silly audit   'locate-path': [ '6.0.0' ],
43 silly audit   'lodash.merge': [ '4.6.2' ],
43 silly audit   'longest-streak': [ '3.1.0' ],
43 silly audit   'loose-envify': [ '1.4.0' ],
43 silly audit   'lru-cache': [ '5.1.1' ],
43 silly audit   'lucide-react': [ '0.555.0' ],
43 silly audit   'markdown-table': [ '3.0.4' ],
43 silly audit   'math-intrinsics': [ '1.1.0' ],
43 silly audit   'mdast-util-find-and-replace': [ '3.0.2' ],
43 silly audit   'mdast-util-from-markdown': [ '2.0.2' ],
43 silly audit   'mdast-util-gfm': [ '3.1.0' ],
43 silly audit   'mdast-util-gfm-autolink-literal': [ '2.0.1' ],
43 silly audit   'mdast-util-gfm-footnote': [ '2.1.0' ],
43 silly audit   'mdast-util-gfm-strikethrough': [ '2.0.0' ],
43 silly audit   'mdast-util-gfm-table': [ '2.0.0' ],
43 silly audit   'mdast-util-gfm-task-list-item': [ '2.0.0' ],
43 silly audit   'mdast-util-mdx-expression': [ '2.0.1' ],
43 silly audit   'mdast-util-mdx-jsx': [ '3.2.0' ],
43 silly audit   'mdast-util-mdxjs-esm': [ '2.0.1' ],
43 silly audit   'mdast-util-phrasing': [ '4.1.0' ],
43 silly audit   'mdast-util-to-hast': [ '13.2.1' ],
43 silly audit   'mdast-util-to-markdown': [ '2.1.2' ],
43 silly audit   'mdast-util-to-string': [ '4.0.0' ],
43 silly audit   merge2: [ '1.4.1' ],
43 silly audit   micromark: [ '4.0.2' ],
43 silly audit   'micromark-core-commonmark': [ '2.0.3' ],
43 silly audit   'micromark-extension-gfm': [ '3.0.0' ],
43 silly audit   'micromark-extension-gfm-autolink-literal': [ '2.1.0' ],
43 silly audit   'micromark-extension-gfm-footnote': [ '2.1.0' ],
43 silly audit   'micromark-extension-gfm-strikethrough': [ '2.1.0' ],
43 silly audit   'micromark-extension-gfm-table': [ '2.1.1' ],
43 silly audit   'micromark-extension-gfm-tagfilter': [ '2.0.0' ],
43 silly audit   'micromark-extension-gfm-task-list-item': [ '2.1.0' ],
43 silly audit   'micromark-factory-destination': [ '2.0.1' ],
43 silly audit   'micromark-factory-label': [ '2.0.1' ],
43 silly audit   'micromark-factory-space': [ '2.0.1' ],
43 silly audit   'micromark-factory-title': [ '2.0.1' ],
43 silly audit   'micromark-factory-whitespace': [ '2.0.1' ],
43 silly audit   'micromark-util-character': [ '2.1.1' ],
43 silly audit   'micromark-util-chunked': [ '2.0.1' ],
43 silly audit   'micromark-util-classify-character': [ '2.0.1' ],
43 silly audit   'micromark-util-combine-extensions': [ '2.0.1' ],
43 silly audit   'micromark-util-decode-numeric-character-reference': [ '2.0.2' ],
43 silly audit   'micromark-util-decode-string': [ '2.0.1' ],
43 silly audit   'micromark-util-encode': [ '2.0.1' ],
43 silly audit   'micromark-util-html-tag-name': [ '2.0.1' ],
43 silly audit   'micromark-util-normalize-identifier': [ '2.0.1' ],
43 silly audit   'micromark-util-resolve-all': [ '2.0.1' ],
43 silly audit   'micromark-util-sanitize-uri': [ '2.0.1' ],
43 silly audit   'micromark-util-subtokenize': [ '2.1.0' ],
43 silly audit   'micromark-util-symbol': [ '2.0.1' ],
43 silly audit   'micromark-util-types': [ '2.0.2' ],
43 silly audit   micromatch: [ '4.0.8' ],
43 silly audit   minimist: [ '1.2.8' ],
43 silly audit   ms: [ '2.1.3' ],
43 silly audit   mz: [ '2.7.0' ],
43 silly audit   nanoid: [ '5.1.6', '3.3.11' ],
43 silly audit   'napi-postinstall': [ '0.3.4' ],
43 silly audit   'natural-compare': [ '1.4.0' ],
43 silly audit   next: [ '16.0.6' ],
43 silly audit   postcss: [ '8.4.31', '8.5.6' ],
43 silly audit   'node-releases': [ '2.0.27' ],
43 silly audit   'normalize-path': [ '3.0.0' ],
43 silly audit   'normalize-range': [ '0.1.2' ],
43 silly audit   'object-assign': [ '4.1.1' ],
43 silly audit   'object-hash': [ '3.0.0' ],
43 silly audit   'object-inspect': [ '1.13.4' ],
43 silly audit   'object-keys': [ '1.1.1' ],
43 silly audit   'object.assign': [ '4.1.7' ],
43 silly audit   'object.entries': [ '1.1.9' ],
43 silly audit   'object.fromentries': [ '2.0.8' ],
43 silly audit   'object.groupby': [ '1.0.3' ],
43 silly audit   'object.values': [ '1.2.1' ],
43 silly audit   optionator: [ '0.9.4' ],
43 silly audit   'own-keys': [ '1.0.1' ],
43 silly audit   'p-limit': [ '3.1.0' ],
43 silly audit   'p-locate': [ '5.0.0' ],
43 silly audit   'parent-module': [ '1.0.1' ],
43 silly audit   'parse-entities': [ '4.0.2' ],
43 silly audit   'path-exists': [ '4.0.0' ],
43 silly audit   'path-key': [ '3.1.1' ],
43 silly audit   'path-parse': [ '1.0.7' ],
43 silly audit   picocolors: [ '1.1.1' ],
43 silly audit   picomatch: [ '2.3.1', '4.0.3' ],
43 silly audit   pify: [ '2.3.0' ],
43 silly audit   pirates: [ '4.0.7' ],
43 silly audit   'possible-typed-array-names': [ '1.1.0' ],
43 silly audit   'postcss-import': [ '15.1.0' ],
43 silly audit   'postcss-js': [ '4.1.0' ],
43 silly audit   'postcss-nested': [ '6.2.0' ],
43 silly audit   'postcss-value-parser': [ '4.2.0' ],
43 silly audit   'prelude-ls': [ '1.2.1' ],
43 silly audit   'prop-types': [ '15.8.1' ],
43 silly audit   'property-information': [ '7.1.0' ],
43 silly audit   punycode: [ '2.3.1' ],
43 silly audit   'queue-microtask': [ '1.2.3' ],
43 silly audit   react: [ '19.2.0' ],
43 silly audit   'react-dom': [ '19.2.0' ],
43 silly audit   'react-hook-form': [ '7.67.0' ],
43 silly audit   'react-is': [ '16.13.1' ],
43 silly audit   'react-markdown': [ '10.1.0' ],
43 silly audit   'read-cache': [ '1.0.0' ],
43 silly audit   readdirp: [ '3.6.0' ],
43 silly audit   'reflect.getprototypeof': [ '1.0.10' ],
43 silly audit   'regexp.prototype.flags': [ '1.5.4' ],
43 silly audit   'rehype-slug': [ '6.0.0' ],
43 silly audit   'remark-gfm': [ '4.0.1' ],
43 silly audit   'remark-parse': [ '11.0.0' ],
43 silly audit   'remark-rehype': [ '11.1.2' ],
43 silly audit   'remark-stringify': [ '11.0.0' ],
43 silly audit   'resolve-from': [ '4.0.0' ],
43 silly audit   'resolve-pkg-maps': [ '1.0.0' ],
43 silly audit   reusify: [ '1.1.0' ],
43 silly audit   'run-parallel': [ '1.2.0' ],
43 silly audit   'safe-array-concat': [ '1.1.3' ],
43 silly audit   'safe-push-apply': [ '1.0.0' ],
43 silly audit   'safe-regex-test': [ '1.1.0' ],
43 silly audit   scheduler: [ '0.27.0' ],
43 silly audit   'set-function-length': [ '1.2.2' ],
43 silly audit   'set-function-name': [ '2.0.2' ],
43 silly audit   'set-proto': [ '1.0.0' ],
43 silly audit   sharp: [ '0.34.5' ],
43 silly audit   'shebang-command': [ '2.0.0' ],
43 silly audit   'shebang-regex': [ '3.0.0' ],
43 silly audit   'side-channel': [ '1.1.0' ],
43 silly audit   'side-channel-list': [ '1.0.0' ],
43 silly audit   'side-channel-map': [ '1.0.1' ],
43 silly audit   'side-channel-weakmap': [ '1.0.2' ],
43 silly audit   'source-map-js': [ '1.2.1' ],
43 silly audit   'space-separated-tokens': [ '2.0.2' ],
43 silly audit   'stable-hash': [ '0.0.5' ],
43 silly audit   'stop-iteration-iterator': [ '1.1.0' ],
43 silly audit   'string.prototype.includes': [ '2.0.1' ],
43 silly audit   'string.prototype.matchall': [ '4.0.12' ],
43 silly audit   'string.prototype.repeat': [ '1.0.0' ],
43 silly audit   'string.prototype.trim': [ '1.2.10' ],
43 silly audit   'string.prototype.trimend': [ '1.0.9' ],
43 silly audit   'string.prototype.trimstart': [ '1.0.8' ],
43 silly audit   'stringify-entities': [ '4.0.4' ],
43 silly audit   'strip-bom': [ '3.0.0' ],
43 silly audit   'strip-json-comments': [ '3.1.1' ],
43 silly audit   'style-to-js': [ '1.1.21' ],
43 silly audit   'style-to-object': [ '1.0.14' ],
43 silly audit   'styled-jsx': [ '5.1.6' ],
43 silly audit   sucrase: [ '3.35.1' ],
43 silly audit   'supports-color': [ '7.2.0' ],
43 silly audit   'supports-preserve-symlinks-flag': [ '1.0.0' ],
43 silly audit   'tailwind-merge': [ '3.4.0' ],
43 silly audit   tailwindcss: [ '3.4.13' ],
43 silly audit   'tailwindcss-animate': [ '1.0.7' ],
43 silly audit   'postcss-load-config': [ '4.0.2' ],
43 silly audit   thenify: [ '3.3.1' ],
43 silly audit   'thenify-all': [ '1.6.0' ],
43 silly audit   tinyglobby: [ '0.2.15' ],
43 silly audit   fdir: [ '6.5.0' ],
43 silly audit   'to-regex-range': [ '5.0.1' ],
43 silly audit   'trim-lines': [ '3.0.1' ],
43 silly audit   trough: [ '2.2.0' ],
43 silly audit   'ts-api-utils': [ '2.1.0' ],
43 silly audit   'ts-interface-checker': [ '0.1.13' ],
43 silly audit   'tsconfig-paths': [ '3.15.0' ],
43 silly audit   tslib: [ '2.8.1' ],
43 silly audit   'type-check': [ '0.4.0' ],
43 silly audit   'typed-array-buffer': [ '1.0.3' ],
43 silly audit   'typed-array-byte-length': [ '1.0.3' ],
43 silly audit   'typed-array-byte-offset': [ '1.0.4' ],
43 silly audit   'typed-array-length': [ '1.0.7' ],
43 silly audit   typescript: [ '5.9.3' ],
43 silly audit   'typescript-eslint': [ '8.48.0' ],
43 silly audit   'unbox-primitive': [ '1.1.0' ],
43 silly audit   'undici-types': [ '6.21.0' ],
43 silly audit   unified: [ '11.0.5' ],
43 silly audit   'unist-util-is': [ '6.0.1' ],
43 silly audit   'unist-util-position': [ '5.0.0' ],
43 silly audit   'unist-util-stringify-position': [ '4.0.0' ],
43 silly audit   'unist-util-visit': [ '5.0.0' ],
43 silly audit   'unist-util-visit-parents': [ '6.0.2' ],
43 silly audit   'unrs-resolver': [ '1.11.1' ],
43 silly audit   'update-browserslist-db': [ '1.1.4' ],
43 silly audit   'uri-js': [ '4.4.1' ],
43 silly audit   'util-deprecate': [ '1.0.2' ],
43 silly audit   vfile: [ '6.0.3' ],
43 silly audit   'vfile-message': [ '4.0.3' ],
43 silly audit   which: [ '2.0.2' ],
43 silly audit   'which-boxed-primitive': [ '1.1.1' ],
43 silly audit   'which-builtin-type': [ '1.2.1' ],
43 silly audit   'which-collection': [ '1.0.2' ],
43 silly audit   'which-typed-array': [ '1.1.19' ],
43 silly audit   'word-wrap': [ '1.2.5' ],
43 silly audit   ws: [ '8.18.3' ],
43 silly audit   yallist: [ '3.1.1' ],
43 silly audit   yaml: [ '2.8.2' ],
43 silly audit   'yocto-queue': [ '0.1.0' ],
43 silly audit   zod: [ '4.1.13' ],
43 silly audit   'zod-validation-error': [ '4.0.2' ],
43 silly audit   zwitch: [ '2.0.4' ],
43 silly audit   '@radix-ui/react-slot': [ '1.2.4' ],
43 silly audit   '@radix-ui/react-compose-refs': [ '1.1.2' ]
43 silly audit }
44 verbose reify failed optional dependency /Users/doanchienthang/Code/MM-1/web/node_modules/@unrs/resolver-binding-win32-x64-msvc
45 silly reify mark deleted [
45 silly reify   '/Users/doanchienthang/Code/MM-1/web/node_modules/@unrs/resolver-binding-win32-x64-msvc'
45 silly reify ]
46 verbose reify failed optional dependency /Users/doanchienthang/Code/MM-1/web/node_modules/@unrs/resolver-binding-win32-ia32-msvc
47 silly reify mark deleted [
47 silly reify   '/Users/doanchienthang/Code/MM-1/web/node_modules/@unrs/resolver-binding-win32-ia32-msvc'
47 silly reify ]
48 verbose reify failed optional dependency /Users/doanchienthang/Code/MM-1/web/node_modules/@unrs/resolver-binding-win32-arm64-msvc
49 silly reify mark deleted [
49 silly reify   '/Users/doanchienthang/Code/MM-1/web/node_modules/@unrs/resolver-binding-win32-arm64-msvc'
49 silly reify ]
50 verbose reify failed optional dependency /Users/doanchienthang/Code/MM-1/web/node_modules/@unrs/resolver-binding-wasm32-wasi
51 silly reify mark deleted [
51 silly reify   '/Users/doanchienthang/Code/MM-1/web/node_modules/@unrs/resolver-binding-wasm32-wasi'
51 silly reify ]
52 verbose reify failed optional dependency /Users/doanchienthang/Code/MM-1/web/node_modules/@napi-rs/wasm-runtime
53 silly reify mark deleted [
53 silly reify   '/Users/doanchienthang/Code/MM-1/web/node_modules/@napi-rs/wasm-runtime'
53 silly reify ]
54 verbose reify failed optional dependency /Users/doanchienthang/Code/MM-1/web/node_modules/@emnapi/core
55 silly reify mark deleted [ '/Users/doanchienthang/Code/MM-1/web/node_modules/@emnapi/core' ]
56 verbose reify failed optional dependency /Users/doanchienthang/Code/MM-1/web/node_modules/@tybys/wasm-util
57 silly reify mark deleted [ '/Users/doanchienthang/Code/MM-1/web/node_modules/@tybys/wasm-util' ]
58 verbose reify failed optional dependency /Users/doanchienthang/Code/MM-1/web/node_modules/@emnapi/wasi-threads
59 silly reify mark deleted [
59 silly reify   '/Users/doanchienthang/Code/MM-1/web/node_modules/@emnapi/wasi-threads'
59 silly reify ]
60 verbose reify failed optional dependency /Users/doanchienthang/Code/MM-1/web/node_modules/@unrs/resolver-binding-linux-x64-musl
61 silly reify mark deleted [
61 silly reify   '/Users/doanchienthang/Code/MM-1/web/node_modules/@unrs/resolver-binding-linux-x64-musl'
61 silly reify ]
62 verbose reify failed optional dependency /Users/doanchienthang/Code/MM-1/web/node_modules/@unrs/resolver-binding-linux-x64-gnu
63 silly reify mark deleted [
63 silly reify   '/Users/doanchienthang/Code/MM-1/web/node_modules/@unrs/resolver-binding-linux-x64-gnu'
63 silly reify ]
64 verbose reify failed optional dependency /Users/doanchienthang/Code/MM-1/web/node_modules/@unrs/resolver-binding-linux-s390x-gnu
65 silly reify mark deleted [
65 silly reify   '/Users/doanchienthang/Code/MM-1/web/node_modules/@unrs/resolver-binding-linux-s390x-gnu'
65 silly reify ]
66 verbose reify failed optional dependency /Users/doanchienthang/Code/MM-1/web/node_modules/@unrs/resolver-binding-linux-riscv64-musl
67 silly reify mark deleted [
67 silly reify   '/Users/doanchienthang/Code/MM-1/web/node_modules/@unrs/resolver-binding-linux-riscv64-musl'
67 silly reify ]
68 verbose reify failed optional dependency /Users/doanchienthang/Code/MM-1/web/node_modules/@unrs/resolver-binding-linux-riscv64-gnu
69 silly reify mark deleted [
69 silly reify   '/Users/doanchienthang/Code/MM-1/web/node_modules/@unrs/resolver-binding-linux-riscv64-gnu'
69 silly reify ]
70 verbose reify failed optional dependency /Users/doanchienthang/Code/MM-1/web/node_modules/@unrs/resolver-binding-linux-ppc64-gnu
71 silly reify mark deleted [
71 silly reify   '/Users/doanchienthang/Code/MM-1/web/node_modules/@unrs/resolver-binding-linux-ppc64-gnu'
71 silly reify ]
72 verbose reify failed optional dependency /Users/doanchienthang/Code/MM-1/web/node_modules/@unrs/resolver-binding-linux-arm64-musl
73 silly reify mark deleted [
73 silly reify   '/Users/doanchienthang/Code/MM-1/web/node_modules/@unrs/resolver-binding-linux-arm64-musl'
73 silly reify ]
74 verbose reify failed optional dependency /Users/doanchienthang/Code/MM-1/web/node_modules/@unrs/resolver-binding-linux-arm64-gnu
75 silly reify mark deleted [
75 silly reify   '/Users/doanchienthang/Code/MM-1/web/node_modules/@unrs/resolver-binding-linux-arm64-gnu'
75 silly reify ]
76 verbose reify failed optional dependency /Users/doanchienthang/Code/MM-1/web/node_modules/@unrs/resolver-binding-linux-arm-musleabihf
77 silly reify mark deleted [
77 silly reify   '/Users/doanchienthang/Code/MM-1/web/node_modules/@unrs/resolver-binding-linux-arm-musleabihf'
77 silly reify ]
78 verbose reify failed optional dependency /Users/doanchienthang/Code/MM-1/web/node_modules/@unrs/resolver-binding-linux-arm-gnueabihf
79 silly reify mark deleted [
79 silly reify   '/Users/doanchienthang/Code/MM-1/web/node_modules/@unrs/resolver-binding-linux-arm-gnueabihf'
79 silly reify ]
80 verbose reify failed optional dependency /Users/doanchienthang/Code/MM-1/web/node_modules/@unrs/resolver-binding-freebsd-x64
81 silly reify mark deleted [
81 silly reify   '/Users/doanchienthang/Code/MM-1/web/node_modules/@unrs/resolver-binding-freebsd-x64'
81 silly reify ]
82 verbose reify failed optional dependency /Users/doanchienthang/Code/MM-1/web/node_modules/@unrs/resolver-binding-darwin-x64
83 silly reify mark deleted [
83 silly reify   '/Users/doanchienthang/Code/MM-1/web/node_modules/@unrs/resolver-binding-darwin-x64'
83 silly reify ]
84 verbose reify failed optional dependency /Users/doanchienthang/Code/MM-1/web/node_modules/@unrs/resolver-binding-android-arm64
85 silly reify mark deleted [
85 silly reify   '/Users/doanchienthang/Code/MM-1/web/node_modules/@unrs/resolver-binding-android-arm64'
85 silly reify ]
86 verbose reify failed optional dependency /Users/doanchienthang/Code/MM-1/web/node_modules/@unrs/resolver-binding-android-arm-eabi
87 silly reify mark deleted [
87 silly reify   '/Users/doanchienthang/Code/MM-1/web/node_modules/@unrs/resolver-binding-android-arm-eabi'
87 silly reify ]
88 verbose reify failed optional dependency /Users/doanchienthang/Code/MM-1/web/node_modules/@next/swc-win32-x64-msvc
89 silly reify mark deleted [
89 silly reify   '/Users/doanchienthang/Code/MM-1/web/node_modules/@next/swc-win32-x64-msvc'
89 silly reify ]
90 verbose reify failed optional dependency /Users/doanchienthang/Code/MM-1/web/node_modules/@next/swc-win32-arm64-msvc
91 silly reify mark deleted [
91 silly reify   '/Users/doanchienthang/Code/MM-1/web/node_modules/@next/swc-win32-arm64-msvc'
91 silly reify ]
92 verbose reify failed optional dependency /Users/doanchienthang/Code/MM-1/web/node_modules/@next/swc-linux-x64-musl
93 silly reify mark deleted [
93 silly reify   '/Users/doanchienthang/Code/MM-1/web/node_modules/@next/swc-linux-x64-musl'
93 silly reify ]
94 verbose reify failed optional dependency /Users/doanchienthang/Code/MM-1/web/node_modules/@next/swc-linux-x64-gnu
95 silly reify mark deleted [
95 silly reify   '/Users/doanchienthang/Code/MM-1/web/node_modules/@next/swc-linux-x64-gnu'
95 silly reify ]
96 verbose reify failed optional dependency /Users/doanchienthang/Code/MM-1/web/node_modules/@next/swc-linux-arm64-musl
97 silly reify mark deleted [
97 silly reify   '/Users/doanchienthang/Code/MM-1/web/node_modules/@next/swc-linux-arm64-musl'
97 silly reify ]
98 verbose reify failed optional dependency /Users/doanchienthang/Code/MM-1/web/node_modules/@next/swc-linux-arm64-gnu
99 silly reify mark deleted [
99 silly reify   '/Users/doanchienthang/Code/MM-1/web/node_modules/@next/swc-linux-arm64-gnu'
99 silly reify ]
100 verbose reify failed optional dependency /Users/doanchienthang/Code/MM-1/web/node_modules/@next/swc-darwin-x64
101 silly reify mark deleted [
101 silly reify   '/Users/doanchienthang/Code/MM-1/web/node_modules/@next/swc-darwin-x64'
101 silly reify ]
102 verbose reify failed optional dependency /Users/doanchienthang/Code/MM-1/web/node_modules/@img/sharp-win32-x64
103 silly reify mark deleted [
103 silly reify   '/Users/doanchienthang/Code/MM-1/web/node_modules/@img/sharp-win32-x64'
103 silly reify ]
104 verbose reify failed optional dependency /Users/doanchienthang/Code/MM-1/web/node_modules/@img/sharp-win32-ia32
105 silly reify mark deleted [
105 silly reify   '/Users/doanchienthang/Code/MM-1/web/node_modules/@img/sharp-win32-ia32'
105 silly reify ]
106 verbose reify failed optional dependency /Users/doanchienthang/Code/MM-1/web/node_modules/@img/sharp-win32-arm64
107 silly reify mark deleted [
107 silly reify   '/Users/doanchienthang/Code/MM-1/web/node_modules/@img/sharp-win32-arm64'
107 silly reify ]
108 verbose reify failed optional dependency /Users/doanchienthang/Code/MM-1/web/node_modules/@img/sharp-wasm32
109 silly reify mark deleted [
109 silly reify   '/Users/doanchienthang/Code/MM-1/web/node_modules/@img/sharp-wasm32'
109 silly reify ]
110 verbose reify failed optional dependency /Users/doanchienthang/Code/MM-1/web/node_modules/@img/sharp-linuxmusl-x64
111 silly reify mark deleted [
111 silly reify   '/Users/doanchienthang/Code/MM-1/web/node_modules/@img/sharp-linuxmusl-x64'
111 silly reify ]
112 verbose reify failed optional dependency /Users/doanchienthang/Code/MM-1/web/node_modules/@img/sharp-linuxmusl-arm64
113 silly reify mark deleted [
113 silly reify   '/Users/doanchienthang/Code/MM-1/web/node_modules/@img/sharp-linuxmusl-arm64'
113 silly reify ]
114 verbose reify failed optional dependency /Users/doanchienthang/Code/MM-1/web/node_modules/@img/sharp-linux-x64
115 silly reify mark deleted [
115 silly reify   '/Users/doanchienthang/Code/MM-1/web/node_modules/@img/sharp-linux-x64'
115 silly reify ]
116 verbose reify failed optional dependency /Users/doanchienthang/Code/MM-1/web/node_modules/@img/sharp-linux-s390x
117 silly reify mark deleted [
117 silly reify   '/Users/doanchienthang/Code/MM-1/web/node_modules/@img/sharp-linux-s390x'
117 silly reify ]
118 verbose reify failed optional dependency /Users/doanchienthang/Code/MM-1/web/node_modules/@img/sharp-linux-riscv64
119 silly reify mark deleted [
119 silly reify   '/Users/doanchienthang/Code/MM-1/web/node_modules/@img/sharp-linux-riscv64'
119 silly reify ]
120 verbose reify failed optional dependency /Users/doanchienthang/Code/MM-1/web/node_modules/@img/sharp-linux-ppc64
121 silly reify mark deleted [
121 silly reify   '/Users/doanchienthang/Code/MM-1/web/node_modules/@img/sharp-linux-ppc64'
121 silly reify ]
122 verbose reify failed optional dependency /Users/doanchienthang/Code/MM-1/web/node_modules/@img/sharp-linux-arm64
123 silly reify mark deleted [
123 silly reify   '/Users/doanchienthang/Code/MM-1/web/node_modules/@img/sharp-linux-arm64'
123 silly reify ]
124 verbose reify failed optional dependency /Users/doanchienthang/Code/MM-1/web/node_modules/@img/sharp-linux-arm
125 silly reify mark deleted [
125 silly reify   '/Users/doanchienthang/Code/MM-1/web/node_modules/@img/sharp-linux-arm'
125 silly reify ]
126 verbose reify failed optional dependency /Users/doanchienthang/Code/MM-1/web/node_modules/@img/sharp-libvips-linuxmusl-x64
127 silly reify mark deleted [
127 silly reify   '/Users/doanchienthang/Code/MM-1/web/node_modules/@img/sharp-libvips-linuxmusl-x64'
127 silly reify ]
128 verbose reify failed optional dependency /Users/doanchienthang/Code/MM-1/web/node_modules/@img/sharp-libvips-linuxmusl-arm64
129 silly reify mark deleted [
129 silly reify   '/Users/doanchienthang/Code/MM-1/web/node_modules/@img/sharp-libvips-linuxmusl-arm64'
129 silly reify ]
130 verbose reify failed optional dependency /Users/doanchienthang/Code/MM-1/web/node_modules/@img/sharp-libvips-linux-x64
131 silly reify mark deleted [
131 silly reify   '/Users/doanchienthang/Code/MM-1/web/node_modules/@img/sharp-libvips-linux-x64'
131 silly reify ]
132 verbose reify failed optional dependency /Users/doanchienthang/Code/MM-1/web/node_modules/@img/sharp-libvips-linux-s390x
133 silly reify mark deleted [
133 silly reify   '/Users/doanchienthang/Code/MM-1/web/node_modules/@img/sharp-libvips-linux-s390x'
133 silly reify ]
134 verbose reify failed optional dependency /Users/doanchienthang/Code/MM-1/web/node_modules/@img/sharp-libvips-linux-riscv64
135 silly reify mark deleted [
135 silly reify   '/Users/doanchienthang/Code/MM-1/web/node_modules/@img/sharp-libvips-linux-riscv64'
135 silly reify ]
136 verbose reify failed optional dependency /Users/doanchienthang/Code/MM-1/web/node_modules/@img/sharp-libvips-linux-ppc64
137 silly reify mark deleted [
137 silly reify   '/Users/doanchienthang/Code/MM-1/web/node_modules/@img/sharp-libvips-linux-ppc64'
137 silly reify ]
138 verbose reify failed optional dependency /Users/doanchienthang/Code/MM-1/web/node_modules/@img/sharp-libvips-linux-arm64
139 silly reify mark deleted [
139 silly reify   '/Users/doanchienthang/Code/MM-1/web/node_modules/@img/sharp-libvips-linux-arm64'
139 silly reify ]
140 verbose reify failed optional dependency /Users/doanchienthang/Code/MM-1/web/node_modules/@img/sharp-libvips-linux-arm
141 silly reify mark deleted [
141 silly reify   '/Users/doanchienthang/Code/MM-1/web/node_modules/@img/sharp-libvips-linux-arm'
141 silly reify ]
142 verbose reify failed optional dependency /Users/doanchienthang/Code/MM-1/web/node_modules/@img/sharp-libvips-darwin-x64
143 silly reify mark deleted [
143 silly reify   '/Users/doanchienthang/Code/MM-1/web/node_modules/@img/sharp-libvips-darwin-x64'
143 silly reify ]
144 verbose reify failed optional dependency /Users/doanchienthang/Code/MM-1/web/node_modules/@img/sharp-darwin-x64
145 silly reify mark deleted [
145 silly reify   '/Users/doanchienthang/Code/MM-1/web/node_modules/@img/sharp-darwin-x64'
145 silly reify ]
146 http cache @radix-ui/react-slot@https://registry.npmjs.org/@radix-ui/react-slot/-/react-slot-1.2.4.tgz 0ms (cache hit)
147 http cache fsevents@https://registry.npmjs.org/fsevents/-/fsevents-2.3.3.tgz 0ms (cache hit)
148 http cache @radix-ui/react-compose-refs@https://registry.npmjs.org/@radix-ui/react-compose-refs/-/react-compose-refs-1.1.2.tgz 0ms (cache hit)
149 http cache @tybys/wasm-util@https://registry.npmjs.org/@tybys/wasm-util/-/wasm-util-0.10.1.tgz 0ms (cache hit)
150 http cache @next/swc-darwin-arm64@https://registry.npmjs.org/@next/swc-darwin-arm64/-/swc-darwin-arm64-16.0.6.tgz 0ms (cache hit)
151 http cache @napi-rs/wasm-runtime@https://registry.npmjs.org/@napi-rs/wasm-runtime/-/wasm-runtime-0.2.12.tgz 0ms (cache hit)
152 http cache @emnapi/wasi-threads@https://registry.npmjs.org/@emnapi/wasi-threads/-/wasi-threads-1.1.0.tgz 0ms (cache hit)
153 silly tarball no local data for @radix-ui/react-compose-refs@https://registry.npmjs.org/@radix-ui/react-compose-refs/-/react-compose-refs-1.1.2.tgz. Extracting by manifest.
154 silly tarball no local data for @radix-ui/react-slot@https://registry.npmjs.org/@radix-ui/react-slot/-/react-slot-1.2.4.tgz. Extracting by manifest.
155 http cache @emnapi/core@https://registry.npmjs.org/@emnapi/core/-/core-1.7.1.tgz 0ms (cache hit)
156 silly tarball no local data for @next/swc-darwin-arm64@https://registry.npmjs.org/@next/swc-darwin-arm64/-/swc-darwin-arm64-16.0.6.tgz. Extracting by manifest.
157 http fetch GET 200 https://registry.npmjs.org/@radix-ui/react-compose-refs/-/react-compose-refs-1.1.2.tgz 149ms (cache miss)
158 http fetch GET 200 https://registry.npmjs.org/@radix-ui/react-slot/-/react-slot-1.2.4.tgz 359ms (cache miss)
159 http fetch POST 200 https://registry.npmjs.org/-/npm/v1/security/advisories/bulk 422ms
160 silly audit report {}
161 verbose reify failed optional dependency /Users/doanchienthang/Code/MM-1/web/node_modules/@next/swc-darwin-arm64
162 silly reify mark deleted [
162 silly reify   '/Users/doanchienthang/Code/MM-1/web/node_modules/@next/swc-darwin-arm64'
162 silly reify ]
163 silly ADD node_modules/@radix-ui/react-compose-refs
164 silly ADD node_modules/@radix-ui/react-slot
165 silly ADD node_modules/fsevents
166 silly ADD node_modules/@unrs/resolver-binding-win32-x64-msvc
167 silly ADD node_modules/@unrs/resolver-binding-win32-ia32-msvc
168 silly ADD node_modules/@unrs/resolver-binding-win32-arm64-msvc
169 silly ADD node_modules/@unrs/resolver-binding-wasm32-wasi
170 silly ADD node_modules/@unrs/resolver-binding-linux-x64-musl
171 silly ADD node_modules/@unrs/resolver-binding-linux-x64-gnu
172 silly ADD node_modules/@unrs/resolver-binding-linux-s390x-gnu
173 silly ADD node_modules/@unrs/resolver-binding-linux-riscv64-musl
174 silly ADD node_modules/@unrs/resolver-binding-linux-riscv64-gnu
175 silly ADD node_modules/@unrs/resolver-binding-linux-ppc64-gnu
176 silly ADD node_modules/@unrs/resolver-binding-linux-arm64-musl
177 silly ADD node_modules/@unrs/resolver-binding-linux-arm64-gnu
178 silly ADD node_modules/@unrs/resolver-binding-linux-arm-musleabihf
179 silly ADD node_modules/@unrs/resolver-binding-linux-arm-gnueabihf
180 silly ADD node_modules/@unrs/resolver-binding-freebsd-x64
181 silly ADD node_modules/@unrs/resolver-binding-darwin-x64
182 silly ADD node_modules/@unrs/resolver-binding-android-arm64
183 silly ADD node_modules/@unrs/resolver-binding-android-arm-eabi
184 silly ADD node_modules/@tybys/wasm-util
185 silly ADD node_modules/@next/swc-win32-x64-msvc
186 silly ADD node_modules/@next/swc-win32-arm64-msvc
187 silly ADD node_modules/@next/swc-linux-x64-musl
188 silly ADD node_modules/@next/swc-linux-x64-gnu
189 silly ADD node_modules/@next/swc-linux-arm64-musl
190 silly ADD node_modules/@next/swc-linux-arm64-gnu
191 silly ADD node_modules/@next/swc-darwin-x64
192 silly ADD node_modules/@next/swc-darwin-arm64
193 silly ADD node_modules/@napi-rs/wasm-runtime
194 silly ADD node_modules/@img/sharp-win32-x64
195 silly ADD node_modules/@img/sharp-win32-ia32
196 silly ADD node_modules/@img/sharp-win32-arm64
197 silly ADD node_modules/@img/sharp-wasm32
198 silly ADD node_modules/@img/sharp-linuxmusl-x64
199 silly ADD node_modules/@img/sharp-linuxmusl-arm64
200 silly ADD node_modules/@img/sharp-linux-x64
201 silly ADD node_modules/@img/sharp-linux-s390x
202 silly ADD node_modules/@img/sharp-linux-riscv64
203 silly ADD node_modules/@img/sharp-linux-ppc64
204 silly ADD node_modules/@img/sharp-linux-arm64
205 silly ADD node_modules/@img/sharp-linux-arm
206 silly ADD node_modules/@img/sharp-libvips-linuxmusl-x64
207 silly ADD node_modules/@img/sharp-libvips-linuxmusl-arm64
208 silly ADD node_modules/@img/sharp-libvips-linux-x64
209 silly ADD node_modules/@img/sharp-libvips-linux-s390x
210 silly ADD node_modules/@img/sharp-libvips-linux-riscv64
211 silly ADD node_modules/@img/sharp-libvips-linux-ppc64
212 silly ADD node_modules/@img/sharp-libvips-linux-arm64
213 silly ADD node_modules/@img/sharp-libvips-linux-arm
214 silly ADD node_modules/@img/sharp-libvips-darwin-x64
215 silly ADD node_modules/@img/sharp-darwin-x64
216 silly ADD node_modules/@emnapi/wasi-threads
217 silly ADD node_modules/@emnapi/core
218 verbose cwd /Users/doanchienthang/Code/MM-1/web
219 verbose os Darwin 23.1.0
220 verbose node v24.3.0
221 verbose npm  v11.4.2
222 verbose exit 0
223 info ok
